Arguments: 
  /Users/arslan/.nvm/versions/node/v16.4.0/bin/node /Users/arslan/.nvm/versions/node/v16.4.0/bin/yarn init

PATH: 
  /Users/arslan/opt/anaconda3/bin:/Users/arslan/opt/anaconda3/condabin:/Users/arslan/.deta/bin:/Users/arslan/.nvm/versions/node/v16.4.0/bin:/Library/Frameworks/Python.framework/Versions/3.11/bin:/usr/local/bin:/opt/homebrew/bin:/opt/homebrew/sbin:/usr/local/bin:/System/Cryptexes/App/usr/bin:/usr/bin:/bin:/usr/sbin:/sbin:/Library/Frameworks/Mono.framework/Versions/Current/Commands

Yarn version: 
  1.22.19

Node version: 
  16.4.0

Platform: 
  darwin arm64

Trace: 
  Error: canceled
      at Interface.<anonymous> (/Users/arslan/.nvm/versions/node/v16.4.0/lib/node_modules/yarn/lib/cli.js:137150:13)
      at Interface.emit (node:events:394:28)
      at Interface._ttyWrite (node:readline:1069:16)
      at ReadStream.onkeypress (node:readline:288:10)
      at ReadStream.emit (node:events:394:28)
      at emitKeys (node:internal/readline/utils:358:14)
      at emitKeys.next (<anonymous>)
      at ReadStream.onData (node:internal/readline/emitKeypressEvents:61:36)
      at ReadStream.emit (node:events:394:28)
      at addChunk (node:internal/streams/readable:312:12)

npm manifest: 
  No manifest

yarn manifest: 
  No manifest

Lockfile: 
  No lockfile
